[INFO] 20:46:59:742 TP0/(7559:7559): Soy un log

[INFO] 20:46:59:743 TP0/(7559:7559): Hola, soy un valor
[INFO] 20:49:40:907 TP0/(7724:7724): Soy un log

[INFO] 20:49:40:911 TP0/(7724:7724): Hola, soy un valor
[INFO] 20:53:31:648 TP0/(7794:7794): Soy un log

[INFO] 20:53:31:653 TP0/(7794:7794): Hola, soy un valor
[INFO] 20:53:45:953 TP0/(7803:7803): Soy un log

[INFO] 20:53:45:953 TP0/(7803:7803): Hola, soy un valor
[INFO] 20:54:55:786 TP0/(7852:7852): Soy un log

[INFO] 20:54:55:794 TP0/(7852:7852): Hola, soy un valor
[INFO] 20:55:03:373 TP0/(7862:7862): Soy un log

[INFO] 20:55:03:376 TP0/(7862:7862): Hola, soy un valor
[INFO] 20:58:46:96 TP0/(7919:7919): Soy un log

[INFO] 20:58:46:102 TP0/(7919:7919): Hola, soy un valor
[INFO] 20:59:08:568 TP0/(7959:7959): Soy un log

[INFO] 20:59:08:582 TP0/(7959:7959): Hola, soy un valor
[INFO] 21:00:39:88 TP0/(8014:8014): Soy un log

[INFO] 21:00:39:95 TP0/(8014:8014): Hola, soy un valor
[INFO] 21:00:41:293 TP0/(8014:8014): hola
[INFO] 21:00:45:238 TP0/(8014:8014): puto
[INFO] 21:00:48:639 TP0/(8014:8014): ian
[INFO] 21:01:06:219 TP0/(8029:8029): Soy un log

[INFO] 21:01:06:219 TP0/(8029:8029): Hola, soy un valor
[INFO] 21:01:08:384 TP0/(8029:8029): hola
[INFO] 21:01:11:975 TP0/(8029:8029): holaa
[INFO] 21:06:16:912 TP0/(8108:8108): Soy un log

[INFO] 21:06:16:912 TP0/(8108:8108): Hola, soy un valor
[INFO] 21:07:11:556 TP0/(8150:8150): Soy un log

[INFO] 21:07:11:556 TP0/(8150:8150): Hola, soy un valor
[INFO] 14:46:49:467 TP0/(4348:4348): Soy un log

[INFO] 14:46:49:467 TP0/(4348:4348): Hola, soy un valor
[INFO] 14:46:53:690 TP0/(4348:4348): holi
[INFO] 16:14:10:931 TP0/(5311:5311): Soy un log

[INFO] 16:14:10:935 TP0/(5311:5311): Hola, soy un valor
[INFO] 16:14:14:675 TP0/(5311:5311): hola
[INFO] 16:14:15:326 TP0/(5311:5311): 1
[INFO] 16:14:15:834 TP0/(5311:5311): 2
[INFO] 16:14:16:425 TP0/(5311:5311): 3
[INFO] 16:15:17:230 TP0/(5332:5332): Soy un log

[INFO] 16:15:17:236 TP0/(5332:5332): Hola, soy un valor
[INFO] 16:15:26:569 TP0/(5332:5332): Hola
[INFO] 16:15:27:362 TP0/(5332:5332): soy
[INFO] 16:15:28:301 TP0/(5332:5332): ian
[INFO] 16:15:55:417 TP0/(5351:5351): Soy un log

[INFO] 16:15:55:429 TP0/(5351:5351): Hola, soy un valor
[INFO] 16:15:58:433 TP0/(5351:5351): hhfj
[INFO] 16:16:34:182 TP0/(5366:5366): Soy un log

[INFO] 16:16:34:183 TP0/(5366:5366): Hola, soy un valor
[INFO] 16:17:07:477 TP0/(5366:5366): ghgdh
[INFO] 16:21:34:93 TP0/(5480:5480): Soy un log

[INFO] 16:21:34:98 TP0/(5480:5480): Hola, soy un valor
[INFO] 16:21:37:704 TP0/(5480:5480): asas
[INFO] 16:21:39:5 TP0/(5480:5480): asasas
[INFO] 16:52:59:327 TP0/(5720:5720): Soy un log

[INFO] 16:53:05:200 TP0/(5720:5720): Hola, soy un valor
[INFO] 16:53:35:99 TP0/(5771:5771): Soy un log

[INFO] 16:55:36:952 TP0/(5825:5825): Soy un log

[INFO] 16:55:36:960 TP0/(5825:5825): Hola, soy un valor
[INFO] 16:55:39:898 TP0/(5825:5825): hola
[INFO] 17:04:32:668 TP0/(6083:6083): Soy un log

[INFO] 17:04:32:668 TP0/(6083:6083): Hola, soy un valor
[INFO] 17:04:37:92 TP0/(6083:6083): h
[INFO] 17:04:37:911 TP0/(6083:6083): o
[INFO] 17:04:38:382 TP0/(6083:6083): l
[INFO] 17:04:38:891 TP0/(6083:6083): a
[INFO] 17:10:26:521 TP0/(6221:6221): Soy un log

[INFO] 17:10:26:521 TP0/(6221:6221): Hola, soy un valor
[INFO] 17:10:29:561 TP0/(6221:6221): hoh
[INFO] 17:18:36:221 TP0/(6401:6401): Soy un log

[INFO] 17:18:36:224 TP0/(6401:6401): Hola, soy un valor
[INFO] 17:18:38:248 TP0/(6401:6401): as
[INFO] 17:18:39:164 TP0/(6401:6401): sas
[INFO] 17:30:38:704 TP0/(6481:6481): Soy un log

[INFO] 17:30:38:706 TP0/(6481:6481): Hola, soy un valor
[INFO] 17:30:51:41 TP0/(6481:6481): holka
[INFO] 07:21:01:247 TP0/(6135:6135): Soy un log

[INFO] 07:21:01:248 TP0/(6135:6135): Hola, soy un valor
[INFO] 07:21:05:799 TP0/(6135:6135): hola
[INFO] 07:21:07:799 TP0/(6135:6135): hoña
[INFO] 07:23:13:875 TP0/(6299:6299): Soy un log

[INFO] 07:23:13:875 TP0/(6299:6299): Hola, soy un valor
[INFO] 07:23:16:150 TP0/(6299:6299): hola
